<?xml version="1.0" encoding="UTF-8"?>
<!-- Generated by org.testng.reporters.JUnitXMLReporter -->
<testsuite hostname="tz-automation" name="Authenticateduser" tests="4" failures="0" timestamp="8 Nov 2016 23:40:37 GMT" time="46.754" errors="0">
  <testcase name="@BeforeClass setupPreReqs" time="0.0" classname="test.travelhopesTest.homePageTest">
    <failure type="org.openqa.selenium.TimeoutException" message="Timed out waiting for page load.
Command duration or timeout: 10.01 seconds
Build info: version: &amp;apos;2.48.2&amp;apos;, revision: &amp;apos;41bccdd10cf2c0560f637404c2d96164b67d9d67&amp;apos;, time: &amp;apos;2015-10-09 13:08:06&amp;apos;
System info: host: &amp;apos;tz-automation&amp;apos;, ip: &amp;apos;100.72.16.19&amp;apos;, os.name: &amp;apos;Windows Server 2012 R2&amp;apos;, os.arch: &amp;apos;amd64&amp;apos;, os.version: &amp;apos;6.3&amp;apos;, java.version: &amp;apos;1.8.0_111&amp;apos;
Driver info: org.openqa.selenium.firefox.FirefoxDriver
Capabilities [{applicationCacheEnabled=true, rotatable=false, handlesAlerts=true, databaseEnabled=true, version=41.0.2, platform=WINDOWS, nativeEvents=false, acceptSslCerts=true, webStorageEnabled=true, locationContextEnabled=true, browserName=firefox, takesScreenshot=true, javascriptEnabled=true, cssSelectorsEnabled=true}]
Session ID: abb7f2b1-c7b6-434d-9727-ce68bb4ad688">
      <![CDATA[org.openqa.selenium.TimeoutException: Timed out waiting for page load.
Command duration or timeout: 10.01 seconds
Build info: version: '2.48.2', revision: '41bccdd10cf2c0560f637404c2d96164b67d9d67', time: '2015-10-09 13:08:06'
System info: host: 'tz-automation', ip: '100.72.16.19', os.name: 'Windows Server 2012 R2', os.arch: 'amd64', os.version: '6.3', java.version: '1.8.0_111'
Driver info: org.openqa.selenium.firefox.FirefoxDriver
Capabilities [{applicationCacheEnabled=true, rotatable=false, handlesAlerts=true, databaseEnabled=true, version=41.0.2, platform=WINDOWS, nativeEvents=false, acceptSslCerts=true, webStorageEnabled=true, locationContextEnabled=true, browserName=firefox, takesScreenshot=true, javascriptEnabled=true, cssSelectorsEnabled=true}]
Session ID: abb7f2b1-c7b6-434d-9727-ce68bb4ad688
	at sun.reflect.NativeConstructorAccessorImpl.newInstance0(Native Method)
	at sun.reflect.NativeConstructorAccessorImpl.newInstance(Unknown Source)
	at sun.reflect.DelegatingConstructorAccessorImpl.newInstance(Unknown Source)
	at java.lang.reflect.Constructor.newInstance(Unknown Source)
	at org.openqa.selenium.remote.ErrorHandler.createThrowable(ErrorHandler.java:206)
	at org.openqa.selenium.remote.ErrorHandler.throwIfResponseFailed(ErrorHandler.java:158)
	at org.openqa.selenium.remote.RemoteWebDriver.execute(RemoteWebDriver.java:647)
	at org.openqa.selenium.remote.RemoteWebDriver.get(RemoteWebDriver.java:311)
	at main.travelhopesPages.homePage.<init>(homePage.java:16)
	at test.travelhopesTest.homePageTest.setupPreReqs(homePageTest.java:17)
	at sun.reflect.NativeMethodAccessorImpl.invoke0(Native Method)
	at sun.reflect.NativeMethodAccessorImpl.invoke(Unknown Source)
	at sun.reflect.DelegatingMethodAccessorImpl.invoke(Unknown Source)
	at java.lang.reflect.Method.invoke(Unknown Source)
	at org.testng.internal.MethodInvocationHelper.invokeMethod(MethodInvocationHelper.java:85)
	at org.testng.internal.Invoker.invokeConfigurationMethod(Invoker.java:517)
	at org.testng.internal.Invoker.invokeConfigurations(Invoker.java:213)
	at org.testng.internal.Invoker.invokeConfigurations(Invoker.java:140)
	at org.testng.internal.TestMethodWorker.invokeBeforeClassMethods(TestMethodWorker.java:170)
	at org.testng.internal.TestMethodWorker.run(TestMethodWorker.java:104)
	at org.testng.TestRunner.privateRun(TestRunner.java:771)
	at org.testng.TestRunner.run(TestRunner.java:621)
	at org.testng.SuiteRunner.runTest(SuiteRunner.java:357)
	at org.testng.SuiteRunner.runSequentially(SuiteRunner.java:352)
	at org.testng.SuiteRunner.privateRun(SuiteRunner.java:310)
	at org.testng.SuiteRunner.run(SuiteRunner.java:259)
	at org.testng.SuiteRunnerWorker.runSuite(SuiteRunnerWorker.java:52)
	at org.testng.SuiteRunnerWorker.run(SuiteRunnerWorker.java:86)
	at org.testng.TestNG.runSuitesSequentially(TestNG.java:1199)
	at org.testng.TestNG.runSuitesLocally(TestNG.java:1124)
	at org.testng.TestNG.run(TestNG.java:1032)
	at org.testng.remote.AbstractRemoteTestNG.run(AbstractRemoteTestNG.java:132)
	at org.testng.remote.RemoteTestNG.initAndRun(RemoteTestNG.java:236)
	at org.testng.remote.RemoteTestNG.main(RemoteTestNG.java:81)
Caused by: org.openqa.selenium.TimeoutException: Timed out waiting for page load.
Build info: version: '2.48.2', revision: '41bccdd10cf2c0560f637404c2d96164b67d9d67', time: '2015-10-09 13:08:06'
System info: host: 'tz-automation', ip: '100.72.16.19', os.name: 'Windows Server 2012 R2', os.arch: 'amd64', os.version: '6.3', java.version: '1.8.0_111'
Driver info: driver.version: unknown
	at <anonymous class>.Utils.initWebLoadingListener/<(file:///C:/Users/TZ-AUT~1/AppData/Local/Temp/2/anonymous4602215825890243184webdriver-profile/extensions/fxdriver@googlecode.com/components/driver-component.js:9010)
	at <anonymous class>.WebLoadingListener/e(file:///C:/Users/TZ-AUT~1/AppData/Local/Temp/2/anonymous4602215825890243184webdriver-profile/extensions/fxdriver@googlecode.com/components/driver-component.js:5114)
	at <anonymous class>.WebLoadingListener/<(file:///C:/Users/TZ-AUT~1/AppData/Local/Temp/2/anonymous4602215825890243184webdriver-profile/extensions/fxdriver@googlecode.com/components/driver-component.js:5122)
	at <anonymous class>.fxdriver.Timer.prototype.setTimeout/<.notify(file:///C:/Users/TZ-AUT~1/AppData/Local/Temp/2/anonymous4602215825890243184webdriver-profile/extensions/fxdriver@googlecode.com/components/driver-component.js:621)
]]>
    </failure>
  </testcase> <!-- @BeforeClass setupPreReqs -->
  <testcase name="testFindHotels" time="3.773" classname="test.travelhopesTest.SearchHotelTest"/>
  <testcase name="search" time="1.914" classname="test.travelhopesTest.SearchFlightTest"/>
  <testcase name="testclickHomePage" time="0.001" classname="test.travelhopesTest.homePageTest">
    <skipped/>
  </testcase> <!-- testclickHomePage -->
  <testcase name="testclickMyRewards" time="0.0" classname="test.travelhopesTest.homePageTest">
    <skipped/>
  </testcase> <!-- testclickMyRewards -->
</testsuite> <!-- Authenticateduser -->
